{"/Users/lorenzoahn/Desktop/Projects/ProSpotify/Timezone-Diff/time-diff/src/app.controller.ts": {"path":"/Users/lorenzoahn/Desktop/Projects/ProSpotify/Timezone-Diff/time-diff/src/app.controller.ts","statementMap":{"0":{"start":{"line":1,"column":0},"end":{"line":1,"column":49}},"1":{"start":{"line":2,"column":0},"end":{"line":2,"column":43}},"2":{"start":{"line":5,"column":0},"end":{"line":12,"column":null}},"3":{"start":{"line":6,"column":31},"end":{"line":6,"column":43}},"4":{"start":{"line":10,"column":4},"end":{"line":10,"column":38}},"5":{"start":{"line":9,"column":2},"end":{"line":11,"column":null}},"6":{"start":{"line":5,"column":13},"end":{"line":12,"column":null}},"7":{"start":{"line":5,"column":13},"end":{"line":5,"column":26}}},"fnMap":{"0":{"name":"(anonymous_2)","decl":{"start":{"line":6,"column":2},"end":{"line":6,"column":31}},"loc":{"start":{"line":6,"column":53},"end":{"line":6,"column":57}}},"1":{"name":"(anonymous_3)","decl":{"start":{"line":9,"column":2},"end":{"line":9,"column":10}},"loc":{"start":{"line":9,"column":10},"end":{"line":11,"column":3}}}},"branchMap":{},"s":{"0":1,"1":1,"2":1,"3":1,"4":1,"5":1,"6":1,"7":1},"f":{"0":1,"1":1},"b":{}}
,"/Users/lorenzoahn/Desktop/Projects/ProSpotify/Timezone-Diff/time-diff/src/app.module.ts": {"path":"/Users/lorenzoahn/Desktop/Projects/ProSpotify/Timezone-Diff/time-diff/src/app.module.ts","statementMap":{"0":{"start":{"line":1,"column":0},"end":{"line":1,"column":40}},"1":{"start":{"line":2,"column":0},"end":{"line":2,"column":49}},"2":{"start":{"line":3,"column":0},"end":{"line":3,"column":43}},"3":{"start":{"line":4,"column":0},"end":{"line":4,"column":48}},"4":{"start":{"line":11,"column":0},"end":{"line":11,"column":null}},"5":{"start":{"line":11,"column":13},"end":{"line":11,"column":null}},"6":{"start":{"line":11,"column":13},"end":{"line":11,"column":22}}},"fnMap":{},"branchMap":{},"s":{"0":0,"1":0,"2":0,"3":0,"4":0,"5":0,"6":0},"f":{},"b":{}}
,"/Users/lorenzoahn/Desktop/Projects/ProSpotify/Timezone-Diff/time-diff/src/app.service.ts": {"path":"/Users/lorenzoahn/Desktop/Projects/ProSpotify/Timezone-Diff/time-diff/src/app.service.ts","statementMap":{"0":{"start":{"line":1,"column":0},"end":{"line":1,"column":44}},"1":{"start":{"line":4,"column":0},"end":{"line":8,"column":null}},"2":{"start":{"line":6,"column":4},"end":{"line":6,"column":26}},"3":{"start":{"line":4,"column":13},"end":{"line":8,"column":null}},"4":{"start":{"line":4,"column":13},"end":{"line":4,"column":23}}},"fnMap":{"0":{"name":"(anonymous_1)","decl":{"start":{"line":5,"column":2},"end":{"line":5,"column":10}},"loc":{"start":{"line":5,"column":10},"end":{"line":7,"column":3}}}},"branchMap":{},"s":{"0":1,"1":1,"2":1,"3":1,"4":1},"f":{"0":1},"b":{}}
,"/Users/lorenzoahn/Desktop/Projects/ProSpotify/Timezone-Diff/time-diff/src/main.ts": {"path":"/Users/lorenzoahn/Desktop/Projects/ProSpotify/Timezone-Diff/time-diff/src/main.ts","statementMap":{"0":{"start":{"line":1,"column":0},"end":{"line":1,"column":43}},"1":{"start":{"line":2,"column":0},"end":{"line":2,"column":41}},"2":{"start":{"line":5,"column":14},"end":{"line":5,"column":49}},"3":{"start":{"line":6,"column":2},"end":{"line":6,"column":25}},"4":{"start":{"line":8,"column":0},"end":{"line":8,"column":12}}},"fnMap":{"0":{"name":"bootstrap","decl":{"start":{"line":4,"column":15},"end":{"line":4,"column":24}},"loc":{"start":{"line":4,"column":24},"end":{"line":7,"column":1}}}},"branchMap":{},"s":{"0":0,"1":0,"2":0,"3":0,"4":0},"f":{"0":0},"b":{}}
,"/Users/lorenzoahn/Desktop/Projects/ProSpotify/Timezone-Diff/time-diff/src/time/time.controller.ts": {"path":"/Users/lorenzoahn/Desktop/Projects/ProSpotify/Timezone-Diff/time-diff/src/time/time.controller.ts","statementMap":{"0":{"start":{"line":1,"column":0},"end":{"line":1,"column":67}},"1":{"start":{"line":2,"column":0},"end":{"line":2,"column":45}},"2":{"start":{"line":7,"column":0},"end":{"line":29,"column":null}},"3":{"start":{"line":8,"column":33},"end":{"line":8,"column":46}},"4":{"start":{"line":16,"column":30},"end":{"line":16,"column":80}},"5":{"start":{"line":17,"column":12},"end":{"line":17,"column":29}},"6":{"start":{"line":22,"column":8},"end":{"line":22,"column":50}},"7":{"start":{"line":27,"column":8},"end":{"line":27,"column":49}},"8":{"start":{"line":12,"column":4},"end":{"line":18,"column":null}},"9":{"start":{"line":21,"column":4},"end":{"line":23,"column":null}},"10":{"start":{"line":26,"column":4},"end":{"line":28,"column":null}},"11":{"start":{"line":7,"column":13},"end":{"line":29,"column":null}},"12":{"start":{"line":7,"column":13},"end":{"line":7,"column":27}}},"fnMap":{"0":{"name":"(anonymous_4)","decl":{"start":{"line":8,"column":4},"end":{"line":8,"column":33}},"loc":{"start":{"line":8,"column":57},"end":{"line":8,"column":61}}},"1":{"name":"(anonymous_5)","decl":{"start":{"line":12,"column":4},"end":{"line":12,"column":21}},"loc":{"start":{"line":14,"column":42},"end":{"line":18,"column":5}}},"2":{"name":"(anonymous_6)","decl":{"start":{"line":21,"column":4},"end":{"line":21,"column":19}},"loc":{"start":{"line":21,"column":19},"end":{"line":23,"column":5}}},"3":{"name":"(anonymous_7)","decl":{"start":{"line":26,"column":4},"end":{"line":26,"column":18}},"loc":{"start":{"line":26,"column":18},"end":{"line":28,"column":5}}}},"branchMap":{},"s":{"0":1,"1":1,"2":1,"3":8,"4":9,"5":7,"6":1,"7":1,"8":1,"9":1,"10":1,"11":1,"12":1},"f":{"0":8,"1":9,"2":1,"3":1},"b":{}}
,"/Users/lorenzoahn/Desktop/Projects/ProSpotify/Timezone-Diff/time-diff/src/time/time.module.ts": {"path":"/Users/lorenzoahn/Desktop/Projects/ProSpotify/Timezone-Diff/time-diff/src/time/time.module.ts","statementMap":{"0":{"start":{"line":1,"column":0},"end":{"line":1,"column":40}},"1":{"start":{"line":2,"column":0},"end":{"line":2,"column":45}},"2":{"start":{"line":3,"column":0},"end":{"line":3,"column":51}},"3":{"start":{"line":10,"column":0},"end":{"line":10,"column":26}},"4":{"start":{"line":10,"column":13},"end":{"line":10,"column":26}},"5":{"start":{"line":10,"column":13},"end":{"line":10,"column":23}}},"fnMap":{},"branchMap":{},"s":{"0":0,"1":0,"2":0,"3":0,"4":0,"5":0},"f":{},"b":{}}
,"/Users/lorenzoahn/Desktop/Projects/ProSpotify/Timezone-Diff/time-diff/src/time/time.service.ts": {"path":"/Users/lorenzoahn/Desktop/Projects/ProSpotify/Timezone-Diff/time-diff/src/time/time.service.ts","statementMap":{"0":{"start":{"line":1,"column":0},"end":{"line":1,"column":44}},"1":{"start":{"line":2,"column":0},"end":{"line":2,"column":53}},"2":{"start":{"line":5,"column":0},"end":{"line":67,"column":null}},"3":{"start":{"line":7,"column":12},"end":{"line":7,"column":38}},"4":{"start":{"line":11,"column":27},"end":{"line":11,"column":51}},"5":{"start":{"line":12,"column":25},"end":{"line":12,"column":47}},"6":{"start":{"line":13,"column":8},"end":{"line":15,"column":null}},"7":{"start":{"line":14,"column":12},"end":{"line":14,"column":null}},"8":{"start":{"line":16,"column":29},"end":{"line":16,"column":70}},"9":{"start":{"line":17,"column":8},"end":{"line":19,"column":null}},"10":{"start":{"line":18,"column":12},"end":{"line":18,"column":null}},"11":{"start":{"line":20,"column":8},"end":{"line":20,"column":54}},"12":{"start":{"line":25,"column":8},"end":{"line":25,"column":53}},"13":{"start":{"line":30,"column":8},"end":{"line":30,"column":76}},"14":{"start":{"line":35,"column":8},"end":{"line":35,"column":35}},"15":{"start":{"line":36,"column":8},"end":{"line":36,"column":49}},"16":{"start":{"line":36,"column":40},"end":{"line":36,"column":47}},"17":{"start":{"line":37,"column":8},"end":{"line":37,"column":20}},"18":{"start":{"line":42,"column":34},"end":{"line":42,"column":38}},"19":{"start":{"line":43,"column":35},"end":{"line":43,"column":37}},"20":{"start":{"line":44,"column":34},"end":{"line":44,"column":36}},"21":{"start":{"line":45,"column":34},"end":{"line":45,"column":36}},"22":{"start":{"line":46,"column":24},"end":{"line":46,"column":28}},"23":{"start":{"line":47,"column":25},"end":{"line":47,"column":44}},"24":{"start":{"line":48,"column":8},"end":{"line":48,"column":24}},"25":{"start":{"line":49,"column":8},"end":{"line":49,"column":42}},"26":{"start":{"line":50,"column":26},"end":{"line":50,"column":46}},"27":{"start":{"line":51,"column":8},"end":{"line":51,"column":25}},"28":{"start":{"line":52,"column":8},"end":{"line":52,"column":43}},"29":{"start":{"line":53,"column":26},"end":{"line":53,"column":45}},"30":{"start":{"line":54,"column":8},"end":{"line":54,"column":25}},"31":{"start":{"line":55,"column":8},"end":{"line":55,"column":42}},"32":{"start":{"line":56,"column":25},"end":{"line":56,"column":44}},"33":{"start":{"line":57,"column":8},"end":{"line":57,"column":24}},"34":{"start":{"line":58,"column":8},"end":{"line":58,"column":42}},"35":{"start":{"line":59,"column":26},"end":{"line":59,"column":35}},"36":{"start":{"line":60,"column":8},"end":{"line":60,"column":147}},"37":{"start":{"line":65,"column":8},"end":{"line":65,"column":54}},"38":{"start":{"line":5,"column":13},"end":{"line":67,"column":null}},"39":{"start":{"line":5,"column":13},"end":{"line":5,"column":24}}},"fnMap":{"0":{"name":"(anonymous_1)","decl":{"start":{"line":5,"column":0},"end":{"line":5,"column":13}},"loc":{"start":{"line":5,"column":0},"end":{"line":67,"column":1}}},"1":{"name":"(anonymous_2)","decl":{"start":{"line":10,"column":4},"end":{"line":10,"column":15}},"loc":{"start":{"line":10,"column":60},"end":{"line":21,"column":5}}},"2":{"name":"(anonymous_3)","decl":{"start":{"line":24,"column":4},"end":{"line":24,"column":19}},"loc":{"start":{"line":24,"column":19},"end":{"line":26,"column":5}}},"3":{"name":"(anonymous_4)","decl":{"start":{"line":29,"column":4},"end":{"line":29,"column":18}},"loc":{"start":{"line":29,"column":18},"end":{"line":31,"column":5}}},"4":{"name":"(anonymous_5)","decl":{"start":{"line":34,"column":12},"end":{"line":34,"column":25}},"loc":{"start":{"line":34,"column":38},"end":{"line":38,"column":5}}},"5":{"name":"(anonymous_6)","decl":{"start":{"line":36,"column":29},"end":{"line":36,"column":30}},"loc":{"start":{"line":36,"column":40},"end":{"line":36,"column":47}}},"6":{"name":"(anonymous_7)","decl":{"start":{"line":41,"column":12},"end":{"line":41,"column":19}},"loc":{"start":{"line":41,"column":32},"end":{"line":61,"column":5}}},"7":{"name":"(anonymous_8)","decl":{"start":{"line":64,"column":12},"end":{"line":64,"column":27}},"loc":{"start":{"line":64,"column":60},"end":{"line":66,"column":7}}}},"branchMap":{"0":{"loc":{"start":{"line":13,"column":8},"end":{"line":15,"column":null}},"type":"if","locations":[{"start":{"line":13,"column":8},"end":{"line":15,"column":null}}]},"1":{"loc":{"start":{"line":13,"column":12},"end":{"line":13,"column":56}},"type":"binary-expr","locations":[{"start":{"line":13,"column":12},"end":{"line":13,"column":33}},{"start":{"line":13,"column":37},"end":{"line":13,"column":56}}]},"2":{"loc":{"start":{"line":17,"column":8},"end":{"line":19,"column":null}},"type":"if","locations":[{"start":{"line":17,"column":8},"end":{"line":19,"column":null}}]}},"s":{"0":1,"1":1,"2":1,"3":8,"4":9,"5":9,"6":9,"7":1,"8":8,"9":8,"10":1,"11":7,"12":1,"13":1,"14":7,"15":7,"16":2,"17":7,"18":9,"19":9,"20":9,"21":9,"22":9,"23":9,"24":9,"25":9,"26":9,"27":9,"28":9,"29":9,"30":9,"31":9,"32":9,"33":9,"34":9,"35":9,"36":9,"37":36,"38":1,"39":1},"f":{"0":8,"1":9,"2":1,"3":1,"4":7,"5":2,"6":9,"7":36},"b":{"0":[1],"1":[9,8],"2":[1]}}
}
